<?xml version="1.0" encoding="UTF-8"?>
<!-- Generated by org.testng.reporters.JUnitReportReporter -->
<testsuite hostname="LL73-VPD3-IND" failures="0" tests="1" name="jenkinspkg.test2" time="3.664" errors="0" timestamp="2025-01-29T21:19:07 IST" skipped="0">
  <testcase classname="jenkinspkg.test2" name="te2" time="3.664"/>
</testsuite> <!-- jenkinspkg.test2 -->
